2017-08-22 21:58:30 INFO  AppMain:12 - .......Hibernate Crud Operations Example.......

2017-08-22 21:58:30 INFO  AppMain:14 - 
=======CREATE RECORDS=======

2017-08-22 21:58:32 INFO  DbOperations:57 - 
Successfully Created '5' Records In The Database!

2017-08-22 21:58:32 INFO  AppMain:17 - 
=======READ RECORDS=======

2017-08-22 21:58:32 INFO  AppMain:21 - Student Details?= Id: 1, Name: Editor 101, Roll No.: 101, Course: Bachelor Of Technology
2017-08-22 21:58:32 INFO  AppMain:21 - Student Details?= Id: 2, Name: Editor 102, Roll No.: 102, Course: Bachelor Of Technology
2017-08-22 21:58:32 INFO  AppMain:21 - Student Details?= Id: 3, Name: Editor 103, Roll No.: 103, Course: Bachelor Of Technology
2017-08-22 21:58:32 INFO  AppMain:21 - Student Details?= Id: 4, Name: Editor 104, Roll No.: 104, Course: Bachelor Of Technology
2017-08-22 21:58:32 INFO  AppMain:21 - Student Details?= Id: 5, Name: Editor 105, Roll No.: 105, Course: Bachelor Of Technology
2017-08-22 21:58:32 INFO  AppMain:25 - 
=======UPDATE RECORDS=======

2017-08-22 21:58:32 INFO  DbOperations:111 - 
Student With Id?= 1 Is Successfully Updated In The Database!

2017-08-22 21:58:32 INFO  AppMain:28 - 
=======READ RECORDS AFTER UPDATION=======

2017-08-22 21:58:32 INFO  AppMain:32 - Student Details?= Id: 1, Name: Java Code Geek, Roll No.: 101, Course: Masters Of Technology
2017-08-22 21:58:32 INFO  AppMain:32 - Student Details?= Id: 2, Name: Editor 102, Roll No.: 102, Course: Bachelor Of Technology
2017-08-22 21:58:32 INFO  AppMain:32 - Student Details?= Id: 3, Name: Editor 103, Roll No.: 103, Course: Bachelor Of Technology
2017-08-22 21:58:32 INFO  AppMain:32 - Student Details?= Id: 4, Name: Editor 104, Roll No.: 104, Course: Bachelor Of Technology
2017-08-22 21:58:32 INFO  AppMain:32 - Student Details?= Id: 5, Name: Editor 105, Roll No.: 105, Course: Bachelor Of Technology
2017-08-22 21:58:32 INFO  AppMain:36 - 
=======DELETE RECORD=======

2017-08-22 21:58:32 INFO  DbOperations:139 - 
Student With Id?= 5 Is Successfully Deleted From The Database!

2017-08-22 21:58:32 INFO  AppMain:39 - 
=======READ RECORDS AFTER DELETION=======

2017-08-22 21:58:32 INFO  AppMain:42 - Student Details?= Id: 1, Name: Java Code Geek, Roll No.: 101, Course: Masters Of Technology
2017-08-22 21:58:32 INFO  AppMain:42 - Student Details?= Id: 2, Name: Editor 102, Roll No.: 102, Course: Bachelor Of Technology
2017-08-22 21:58:32 INFO  AppMain:42 - Student Details?= Id: 3, Name: Editor 103, Roll No.: 103, Course: Bachelor Of Technology
2017-08-22 21:58:32 INFO  AppMain:42 - Student Details?= Id: 4, Name: Editor 104, Roll No.: 104, Course: Bachelor Of Technology
2017-08-22 21:58:32 INFO  AppMain:45 - 
=======DELETE ALL RECORDS=======

2017-08-22 21:58:33 INFO  DbOperations:187 - 
Successfully Deleted All Records From The Database Table!

2017-08-22 21:58:33 INFO  AppMain:47 - 
=======READ RECORDS AFTER ALL RECORDS DELETION=======
2017-08-22 21:58:33 INFO  AppMain:50 - 
No Records Are Present In The Database Table!

2022-03-12 19:02:01 INFO  AppMain:12 - .......Hibernate Crud Operations Example.......

2022-03-12 19:02:01 INFO  AppMain:14 - 
=======CREATE RECORDS=======

2022-03-12 19:02:04 INFO  DbOperations:57 - 
Successfully Created '5' Records In The Database!

2022-03-12 19:02:04 INFO  AppMain:17 - 
=======READ RECORDS=======

2022-03-12 19:02:05 INFO  AppMain:21 - Student Details?= Id: 1, Name: Editor 101, Roll No.: 101, Course: Bachelor Of Technology
2022-03-12 19:02:05 INFO  AppMain:21 - Student Details?= Id: 2, Name: Editor 102, Roll No.: 102, Course: Bachelor Of Technology
2022-03-12 19:02:05 INFO  AppMain:21 - Student Details?= Id: 3, Name: Editor 103, Roll No.: 103, Course: Bachelor Of Technology
2022-03-12 19:02:05 INFO  AppMain:21 - Student Details?= Id: 4, Name: Editor 104, Roll No.: 104, Course: Bachelor Of Technology
2022-03-12 19:02:05 INFO  AppMain:21 - Student Details?= Id: 5, Name: Editor 105, Roll No.: 105, Course: Bachelor Of Technology
2022-03-12 19:02:05 INFO  AppMain:25 - 
=======UPDATE RECORDS=======

2022-03-12 19:02:05 INFO  DbOperations:111 - 
Student With Id?= 1 Is Successfully Updated In The Database!

2022-03-12 19:02:05 INFO  AppMain:28 - 
=======READ RECORDS AFTER UPDATION=======

2022-03-12 19:02:06 INFO  AppMain:32 - Student Details?= Id: 1, Name: Java Code Geek, Roll No.: 101, Course: Masters Of Technology
2022-03-12 19:02:06 INFO  AppMain:32 - Student Details?= Id: 2, Name: Editor 102, Roll No.: 102, Course: Bachelor Of Technology
2022-03-12 19:02:06 INFO  AppMain:32 - Student Details?= Id: 3, Name: Editor 103, Roll No.: 103, Course: Bachelor Of Technology
2022-03-12 19:02:06 INFO  AppMain:32 - Student Details?= Id: 4, Name: Editor 104, Roll No.: 104, Course: Bachelor Of Technology
2022-03-12 19:02:06 INFO  AppMain:32 - Student Details?= Id: 5, Name: Editor 105, Roll No.: 105, Course: Bachelor Of Technology
2022-03-12 19:02:06 INFO  AppMain:36 - 
=======DELETE RECORD=======

2022-03-12 19:02:07 INFO  DbOperations:138 - 
Student With Id?= 5 Is Successfully Deleted From The Database!

2022-03-12 19:02:07 INFO  AppMain:39 - 
=======READ RECORDS AFTER DELETION=======

2022-03-12 19:02:07 INFO  AppMain:42 - Student Details?= Id: 1, Name: Java Code Geek, Roll No.: 101, Course: Masters Of Technology
2022-03-12 19:02:07 INFO  AppMain:42 - Student Details?= Id: 2, Name: Editor 102, Roll No.: 102, Course: Bachelor Of Technology
2022-03-12 19:02:07 INFO  AppMain:42 - Student Details?= Id: 3, Name: Editor 103, Roll No.: 103, Course: Bachelor Of Technology
2022-03-12 19:02:07 INFO  AppMain:42 - Student Details?= Id: 4, Name: Editor 104, Roll No.: 104, Course: Bachelor Of Technology
2022-03-13 16:55:57 INFO  AppMain:12 - .......Hibernate Crud Operations Example.......

2022-03-13 16:55:57 INFO  AppMain:14 - 
=======CREATE RECORDS=======

2022-03-13 16:56:01 INFO  DbOperations:57 - 
Successfully Created '5' Records In The Database!

2022-03-13 16:56:01 INFO  AppMain:17 - 
=======READ RECORDS=======

2022-03-13 16:56:02 INFO  AppMain:21 - Student Details?= Id: 6, Name: Editor 101, Roll No.: 101, Course: Bachelor Of Technology
2022-03-13 16:56:02 INFO  AppMain:21 - Student Details?= Id: 7, Name: Editor 102, Roll No.: 102, Course: Bachelor Of Technology
2022-03-13 16:56:02 INFO  AppMain:21 - Student Details?= Id: 8, Name: Editor 103, Roll No.: 103, Course: Bachelor Of Technology
2022-03-13 16:56:02 INFO  AppMain:21 - Student Details?= Id: 9, Name: Editor 104, Roll No.: 104, Course: Bachelor Of Technology
2022-03-13 16:56:02 INFO  AppMain:21 - Student Details?= Id: 10, Name: Editor 105, Roll No.: 105, Course: Bachelor Of Technology
2022-03-13 16:56:02 INFO  AppMain:25 - 
=======UPDATE RECORDS=======

2022-03-13 16:56:02 INFO  DbOperations:114 - 
.......Transaction Is Being Rolled Back.......

2022-03-13 16:56:02 INFO  AppMain:28 - 
=======READ RECORDS AFTER UPDATION=======

2022-03-13 16:56:03 INFO  AppMain:32 - Student Details?= Id: 6, Name: Editor 101, Roll No.: 101, Course: Bachelor Of Technology
2022-03-13 16:56:03 INFO  AppMain:32 - Student Details?= Id: 7, Name: Editor 102, Roll No.: 102, Course: Bachelor Of Technology
2022-03-13 16:56:03 INFO  AppMain:32 - Student Details?= Id: 8, Name: Editor 103, Roll No.: 103, Course: Bachelor Of Technology
2022-03-13 16:56:03 INFO  AppMain:32 - Student Details?= Id: 9, Name: Editor 104, Roll No.: 104, Course: Bachelor Of Technology
2022-03-13 16:56:03 INFO  AppMain:32 - Student Details?= Id: 10, Name: Editor 105, Roll No.: 105, Course: Bachelor Of Technology
2022-03-13 16:56:03 INFO  AppMain:36 - 
=======DELETE RECORD=======

2022-03-13 16:56:03 INFO  DbOperations:141 - 
.......Transaction Is Being Rolled Back.......

2022-03-13 16:56:03 INFO  AppMain:39 - 
=======READ RECORDS AFTER DELETION=======

2022-03-13 16:56:04 INFO  AppMain:42 - Student Details?= Id: 6, Name: Editor 101, Roll No.: 101, Course: Bachelor Of Technology
2022-03-13 16:56:04 INFO  AppMain:42 - Student Details?= Id: 7, Name: Editor 102, Roll No.: 102, Course: Bachelor Of Technology
2022-03-13 16:56:04 INFO  AppMain:42 - Student Details?= Id: 8, Name: Editor 103, Roll No.: 103, Course: Bachelor Of Technology
2022-03-13 16:56:04 INFO  AppMain:42 - Student Details?= Id: 9, Name: Editor 104, Roll No.: 104, Course: Bachelor Of Technology
2022-03-13 16:56:04 INFO  AppMain:42 - Student Details?= Id: 10, Name: Editor 105, Roll No.: 105, Course: Bachelor Of Technology
2022-03-13 17:30:06 INFO  AppMain:12 - .......Hibernate Crud Operations Example.......

2022-03-13 17:30:06 INFO  AppMain:14 - 
=======CREATE RECORDS=======

2022-03-13 17:30:09 INFO  DbOperations:57 - 
Successfully Created '5' Records In The Database!

2022-03-13 17:30:09 INFO  AppMain:17 - 
=======READ RECORDS=======

2022-03-13 17:30:09 INFO  DbOperations:84 - 
.......Transaction Is Being Rolled Back.......

2022-03-13 17:30:09 INFO  AppMain:25 - 
=======UPDATE RECORDS=======

2022-03-13 17:30:10 INFO  DbOperations:111 - 
Contato With Id?= 1 Is Successfully Updated In The Database!

2022-03-13 17:30:10 INFO  AppMain:28 - 
=======READ RECORDS AFTER UPDATION=======

2022-03-13 17:30:10 INFO  DbOperations:84 - 
.......Transaction Is Being Rolled Back.......

2022-03-13 17:30:10 INFO  AppMain:36 - 
=======DELETE RECORD=======

2022-03-13 17:30:11 INFO  DbOperations:138 - 
Contato With Id?= 5 Is Successfully Deleted From The Database!

2022-03-13 17:30:11 INFO  AppMain:39 - 
=======READ RECORDS AFTER DELETION=======

2022-03-13 17:30:11 INFO  DbOperations:84 - 
.......Transaction Is Being Rolled Back.......

2022-03-13 17:37:11 INFO  AppMain:12 - .......Hibernate Crud Operations Example.......

2022-03-13 17:37:11 INFO  AppMain:14 - 
=======CREATE RECORDS=======

2022-03-13 17:37:14 INFO  DbOperations:57 - 
Successfully Created '5' Records In The Database!

2022-03-13 17:37:14 INFO  AppMain:17 - 
=======READ RECORDS=======

2022-03-13 17:37:14 INFO  DbOperations:84 - 
.......Transaction Is Being Rolled Back.......

2022-03-13 17:37:14 INFO  AppMain:25 - 
=======UPDATE RECORDS=======

2022-03-13 17:37:15 INFO  DbOperations:111 - 
Contato With Id?= 1 Is Successfully Updated In The Database!

2022-03-13 17:37:15 INFO  AppMain:28 - 
=======READ RECORDS AFTER UPDATION=======

2022-03-13 17:37:15 INFO  DbOperations:84 - 
.......Transaction Is Being Rolled Back.......

2022-03-13 17:37:15 INFO  AppMain:36 - 
=======DELETE RECORD=======

2022-03-13 17:37:16 INFO  DbOperations:141 - 
.......Transaction Is Being Rolled Back.......

2022-03-13 17:37:16 INFO  AppMain:39 - 
=======READ RECORDS AFTER DELETION=======

2022-03-13 17:37:16 INFO  DbOperations:84 - 
.......Transaction Is Being Rolled Back.......

2022-03-13 17:39:26 INFO  AppMain:12 - .......Hibernate Crud Operations Example.......

2022-03-13 17:39:26 INFO  AppMain:14 - 
=======CREATE RECORDS=======

2022-03-13 17:39:29 INFO  DbOperations:57 - 
Successfully Created '5' Records In The Database!

2022-03-13 17:39:29 INFO  AppMain:17 - 
=======READ RECORDS=======

2022-03-13 17:39:29 INFO  AppMain:21 - Contato Details?= Id: 1, Nome: Jose, REndereco: AV AAA, 777, Telefone: (31)9999-8877
2022-03-13 17:39:29 INFO  AppMain:21 - Contato Details?= Id: 2, Nome: aluno 102, REndereco: RUA XXXXX, 999, Telefone: (31)9999-8877
2022-03-13 17:39:29 INFO  AppMain:21 - Contato Details?= Id: 3, Nome: aluno 103, REndereco: RUA XXXXX, 999, Telefone: (31)9999-8877
2022-03-13 17:39:29 INFO  AppMain:21 - Contato Details?= Id: 4, Nome: aluno 104, REndereco: RUA XXXXX, 999, Telefone: (31)9999-8877
2022-03-13 17:39:29 INFO  AppMain:21 - Contato Details?= Id: 6, Nome: aluno 101, REndereco: RUA XXXXX, 999, Telefone: (31)9999-8877
2022-03-13 17:39:29 INFO  AppMain:21 - Contato Details?= Id: 7, Nome: aluno 102, REndereco: RUA XXXXX, 999, Telefone: (31)9999-8877
2022-03-13 17:39:29 INFO  AppMain:21 - Contato Details?= Id: 8, Nome: aluno 103, REndereco: RUA XXXXX, 999, Telefone: (31)9999-8877
2022-03-13 17:39:29 INFO  AppMain:21 - Contato Details?= Id: 9, Nome: aluno 104, REndereco: RUA XXXXX, 999, Telefone: (31)9999-8877
2022-03-13 17:39:29 INFO  AppMain:21 - Contato Details?= Id: 10, Nome: aluno 105, REndereco: RUA XXXXX, 999, Telefone: (31)9999-8877
2022-03-13 17:39:29 INFO  AppMain:21 - Contato Details?= Id: 11, Nome: aluno 101, REndereco: RUA XXXXX, 999, Telefone: (31)9999-8877
2022-03-13 17:39:29 INFO  AppMain:21 - Contato Details?= Id: 12, Nome: aluno 102, REndereco: RUA XXXXX, 999, Telefone: (31)9999-8877
2022-03-13 17:39:29 INFO  AppMain:21 - Contato Details?= Id: 13, Nome: aluno 103, REndereco: RUA XXXXX, 999, Telefone: (31)9999-8877
2022-03-13 17:39:29 INFO  AppMain:21 - Contato Details?= Id: 14, Nome: aluno 104, REndereco: RUA XXXXX, 999, Telefone: (31)9999-8877
2022-03-13 17:39:29 INFO  AppMain:21 - Contato Details?= Id: 15, Nome: aluno 105, REndereco: RUA XXXXX, 999, Telefone: (31)9999-8877
2022-03-13 17:39:29 INFO  AppMain:25 - 
=======UPDATE RECORDS=======

2022-03-13 17:39:29 INFO  DbOperations:111 - 
Contato With Id?= 1 Is Successfully Updated In The Database!

2022-03-13 17:39:29 INFO  AppMain:28 - 
=======READ RECORDS AFTER UPDATION=======

2022-03-13 17:39:30 INFO  AppMain:32 - Contato Details?= Id: 1, Nome: Jose, REndereco: AV AAA, 777, Telefone: (31)9999-8877
2022-03-13 17:39:30 INFO  AppMain:32 - Contato Details?= Id: 2, Nome: aluno 102, REndereco: RUA XXXXX, 999, Telefone: (31)9999-8877
2022-03-13 17:39:30 INFO  AppMain:32 - Contato Details?= Id: 3, Nome: aluno 103, REndereco: RUA XXXXX, 999, Telefone: (31)9999-8877
2022-03-13 17:39:30 INFO  AppMain:32 - Contato Details?= Id: 4, Nome: aluno 104, REndereco: RUA XXXXX, 999, Telefone: (31)9999-8877
2022-03-13 17:39:30 INFO  AppMain:32 - Contato Details?= Id: 6, Nome: aluno 101, REndereco: RUA XXXXX, 999, Telefone: (31)9999-8877
2022-03-13 17:39:30 INFO  AppMain:32 - Contato Details?= Id: 7, Nome: aluno 102, REndereco: RUA XXXXX, 999, Telefone: (31)9999-8877
2022-03-13 17:39:30 INFO  AppMain:32 - Contato Details?= Id: 8, Nome: aluno 103, REndereco: RUA XXXXX, 999, Telefone: (31)9999-8877
2022-03-13 17:39:30 INFO  AppMain:32 - Contato Details?= Id: 9, Nome: aluno 104, REndereco: RUA XXXXX, 999, Telefone: (31)9999-8877
2022-03-13 17:39:30 INFO  AppMain:32 - Contato Details?= Id: 10, Nome: aluno 105, REndereco: RUA XXXXX, 999, Telefone: (31)9999-8877
2022-03-13 17:39:30 INFO  AppMain:32 - Contato Details?= Id: 11, Nome: aluno 101, REndereco: RUA XXXXX, 999, Telefone: (31)9999-8877
2022-03-13 17:39:30 INFO  AppMain:32 - Contato Details?= Id: 12, Nome: aluno 102, REndereco: RUA XXXXX, 999, Telefone: (31)9999-8877
2022-03-13 17:39:30 INFO  AppMain:32 - Contato Details?= Id: 13, Nome: aluno 103, REndereco: RUA XXXXX, 999, Telefone: (31)9999-8877
2022-03-13 17:39:30 INFO  AppMain:32 - Contato Details?= Id: 14, Nome: aluno 104, REndereco: RUA XXXXX, 999, Telefone: (31)9999-8877
2022-03-13 17:39:30 INFO  AppMain:32 - Contato Details?= Id: 15, Nome: aluno 105, REndereco: RUA XXXXX, 999, Telefone: (31)9999-8877
2022-03-13 17:39:30 INFO  AppMain:36 - 
=======DELETE RECORD=======

2022-03-13 17:39:30 INFO  DbOperations:141 - 
.......Transaction Is Being Rolled Back.......

2022-03-13 17:39:30 INFO  AppMain:39 - 
=======READ RECORDS AFTER DELETION=======

2022-03-13 17:39:30 INFO  AppMain:42 - Contato Details?= Id: 1, Nome: Jose, REndereco: AV AAA, 777, Telefone: (31)9999-8877
2022-03-13 17:39:30 INFO  AppMain:42 - Contato Details?= Id: 2, Nome: aluno 102, REndereco: RUA XXXXX, 999, Telefone: (31)9999-8877
2022-03-13 17:39:30 INFO  AppMain:42 - Contato Details?= Id: 3, Nome: aluno 103, REndereco: RUA XXXXX, 999, Telefone: (31)9999-8877
2022-03-13 17:39:30 INFO  AppMain:42 - Contato Details?= Id: 4, Nome: aluno 104, REndereco: RUA XXXXX, 999, Telefone: (31)9999-8877
2022-03-13 17:39:30 INFO  AppMain:42 - Contato Details?= Id: 6, Nome: aluno 101, REndereco: RUA XXXXX, 999, Telefone: (31)9999-8877
2022-03-13 17:39:30 INFO  AppMain:42 - Contato Details?= Id: 7, Nome: aluno 102, REndereco: RUA XXXXX, 999, Telefone: (31)9999-8877
2022-03-13 17:39:30 INFO  AppMain:42 - Contato Details?= Id: 8, Nome: aluno 103, REndereco: RUA XXXXX, 999, Telefone: (31)9999-8877
2022-03-13 17:39:30 INFO  AppMain:42 - Contato Details?= Id: 9, Nome: aluno 104, REndereco: RUA XXXXX, 999, Telefone: (31)9999-8877
2022-03-13 17:39:30 INFO  AppMain:42 - Contato Details?= Id: 10, Nome: aluno 105, REndereco: RUA XXXXX, 999, Telefone: (31)9999-8877
2022-03-13 17:39:30 INFO  AppMain:42 - Contato Details?= Id: 11, Nome: aluno 101, REndereco: RUA XXXXX, 999, Telefone: (31)9999-8877
2022-03-13 17:39:30 INFO  AppMain:42 - Contato Details?= Id: 12, Nome: aluno 102, REndereco: RUA XXXXX, 999, Telefone: (31)9999-8877
2022-03-13 17:39:30 INFO  AppMain:42 - Contato Details?= Id: 13, Nome: aluno 103, REndereco: RUA XXXXX, 999, Telefone: (31)9999-8877
2022-03-13 17:39:30 INFO  AppMain:42 - Contato Details?= Id: 14, Nome: aluno 104, REndereco: RUA XXXXX, 999, Telefone: (31)9999-8877
2022-03-13 17:39:30 INFO  AppMain:42 - Contato Details?= Id: 15, Nome: aluno 105, REndereco: RUA XXXXX, 999, Telefone: (31)9999-8877
2022-03-13 17:41:58 INFO  AppMain:12 - .......Hibernate Crud Operations Example.......

2022-03-13 17:41:58 INFO  AppMain:14 - 
=======CREATE RECORDS=======

2022-03-13 17:42:01 INFO  DbOperations:57 - 
Successfully Created '5' Records In The Database!

2022-03-13 17:42:01 INFO  AppMain:17 - 
=======READ RECORDS=======

2022-03-13 17:42:02 INFO  AppMain:21 - Contato Details?= Id: 1, Nome: Jose, REndereco: AV AAA, 777, Telefone: (31)9999-8877
2022-03-13 17:42:02 INFO  AppMain:21 - Contato Details?= Id: 2, Nome: aluno 102, REndereco: RUA XXXXX, 999, Telefone: (31)9999-8877
2022-03-13 17:42:02 INFO  AppMain:21 - Contato Details?= Id: 3, Nome: aluno 103, REndereco: RUA XXXXX, 999, Telefone: (31)9999-8877
2022-03-13 17:42:02 INFO  AppMain:21 - Contato Details?= Id: 4, Nome: aluno 104, REndereco: RUA XXXXX, 999, Telefone: (31)9999-8877
2022-03-13 17:42:02 INFO  AppMain:21 - Contato Details?= Id: 6, Nome: aluno 101, REndereco: RUA XXXXX, 999, Telefone: (31)9999-8877
2022-03-13 17:42:02 INFO  AppMain:21 - Contato Details?= Id: 7, Nome: aluno 102, REndereco: RUA XXXXX, 999, Telefone: (31)9999-8877
2022-03-13 17:42:02 INFO  AppMain:21 - Contato Details?= Id: 8, Nome: aluno 103, REndereco: RUA XXXXX, 999, Telefone: (31)9999-8877
2022-03-13 17:42:02 INFO  AppMain:21 - Contato Details?= Id: 9, Nome: aluno 104, REndereco: RUA XXXXX, 999, Telefone: (31)9999-8877
2022-03-13 17:42:02 INFO  AppMain:21 - Contato Details?= Id: 10, Nome: aluno 105, REndereco: RUA XXXXX, 999, Telefone: (31)9999-8877
2022-03-13 17:42:02 INFO  AppMain:21 - Contato Details?= Id: 11, Nome: aluno 101, REndereco: RUA XXXXX, 999, Telefone: (31)9999-8877
2022-03-13 17:42:02 INFO  AppMain:21 - Contato Details?= Id: 12, Nome: aluno 102, REndereco: RUA XXXXX, 999, Telefone: (31)9999-8877
2022-03-13 17:42:02 INFO  AppMain:21 - Contato Details?= Id: 13, Nome: aluno 103, REndereco: RUA XXXXX, 999, Telefone: (31)9999-8877
2022-03-13 17:42:02 INFO  AppMain:21 - Contato Details?= Id: 14, Nome: aluno 104, REndereco: RUA XXXXX, 999, Telefone: (31)9999-8877
2022-03-13 17:42:02 INFO  AppMain:21 - Contato Details?= Id: 15, Nome: aluno 105, REndereco: RUA XXXXX, 999, Telefone: (31)9999-8877
2022-03-13 17:42:02 INFO  AppMain:21 - Contato Details?= Id: 16, Nome: aluno 101, REndereco: RUA XXXXX, 999, Telefone: (31)9999-8877
2022-03-13 17:42:02 INFO  AppMain:21 - Contato Details?= Id: 17, Nome: aluno 102, REndereco: RUA XXXXX, 999, Telefone: (31)9999-8877
2022-03-13 17:42:02 INFO  AppMain:21 - Contato Details?= Id: 18, Nome: aluno 103, REndereco: RUA XXXXX, 999, Telefone: (31)9999-8877
2022-03-13 17:42:02 INFO  AppMain:21 - Contato Details?= Id: 19, Nome: aluno 104, REndereco: RUA XXXXX, 999, Telefone: (31)9999-8877
2022-03-13 17:42:02 INFO  AppMain:21 - Contato Details?= Id: 20, Nome: aluno 105, REndereco: RUA XXXXX, 999, Telefone: (31)9999-8877
2022-03-13 17:42:02 INFO  AppMain:25 - 
=======UPDATE RECORDS=======

2022-03-13 17:42:02 INFO  DbOperations:111 - 
Contato With Id?= 1 Is Successfully Updated In The Database!

2022-03-13 17:42:02 INFO  AppMain:28 - 
=======READ RECORDS AFTER UPDATION=======

2022-03-13 17:42:02 INFO  AppMain:32 - Contato Details?= Id: 1, Nome: Jose, REndereco: AV AAA, 777, Telefone: (31)9999-8877
2022-03-13 17:42:02 INFO  AppMain:32 - Contato Details?= Id: 2, Nome: aluno 102, REndereco: RUA XXXXX, 999, Telefone: (31)9999-8877
2022-03-13 17:42:02 INFO  AppMain:32 - Contato Details?= Id: 3, Nome: aluno 103, REndereco: RUA XXXXX, 999, Telefone: (31)9999-8877
2022-03-13 17:42:02 INFO  AppMain:32 - Contato Details?= Id: 4, Nome: aluno 104, REndereco: RUA XXXXX, 999, Telefone: (31)9999-8877
2022-03-13 17:42:02 INFO  AppMain:32 - Contato Details?= Id: 6, Nome: aluno 101, REndereco: RUA XXXXX, 999, Telefone: (31)9999-8877
2022-03-13 17:42:02 INFO  AppMain:32 - Contato Details?= Id: 7, Nome: aluno 102, REndereco: RUA XXXXX, 999, Telefone: (31)9999-8877
2022-03-13 17:42:02 INFO  AppMain:32 - Contato Details?= Id: 8, Nome: aluno 103, REndereco: RUA XXXXX, 999, Telefone: (31)9999-8877
2022-03-13 17:42:02 INFO  AppMain:32 - Contato Details?= Id: 9, Nome: aluno 104, REndereco: RUA XXXXX, 999, Telefone: (31)9999-8877
2022-03-13 17:42:02 INFO  AppMain:32 - Contato Details?= Id: 10, Nome: aluno 105, REndereco: RUA XXXXX, 999, Telefone: (31)9999-8877
2022-03-13 17:42:02 INFO  AppMain:32 - Contato Details?= Id: 11, Nome: aluno 101, REndereco: RUA XXXXX, 999, Telefone: (31)9999-8877
2022-03-13 17:42:02 INFO  AppMain:32 - Contato Details?= Id: 12, Nome: aluno 102, REndereco: RUA XXXXX, 999, Telefone: (31)9999-8877
2022-03-13 17:42:02 INFO  AppMain:32 - Contato Details?= Id: 13, Nome: aluno 103, REndereco: RUA XXXXX, 999, Telefone: (31)9999-8877
2022-03-13 17:42:02 INFO  AppMain:32 - Contato Details?= Id: 14, Nome: aluno 104, REndereco: RUA XXXXX, 999, Telefone: (31)9999-8877
2022-03-13 17:42:02 INFO  AppMain:32 - Contato Details?= Id: 15, Nome: aluno 105, REndereco: RUA XXXXX, 999, Telefone: (31)9999-8877
2022-03-13 17:42:02 INFO  AppMain:32 - Contato Details?= Id: 16, Nome: aluno 101, REndereco: RUA XXXXX, 999, Telefone: (31)9999-8877
2022-03-13 17:42:02 INFO  AppMain:32 - Contato Details?= Id: 17, Nome: aluno 102, REndereco: RUA XXXXX, 999, Telefone: (31)9999-8877
2022-03-13 17:42:02 INFO  AppMain:32 - Contato Details?= Id: 18, Nome: aluno 103, REndereco: RUA XXXXX, 999, Telefone: (31)9999-8877
2022-03-13 17:42:02 INFO  AppMain:32 - Contato Details?= Id: 19, Nome: aluno 104, REndereco: RUA XXXXX, 999, Telefone: (31)9999-8877
2022-03-13 17:42:02 INFO  AppMain:32 - Contato Details?= Id: 20, Nome: aluno 105, REndereco: RUA XXXXX, 999, Telefone: (31)9999-8877
2022-03-13 17:42:02 INFO  AppMain:36 - 
=======DELETE RECORD=======

2022-03-13 17:42:03 INFO  DbOperations:141 - 
.......Transaction Is Being Rolled Back.......

2022-03-13 17:42:03 INFO  AppMain:39 - 
=======READ RECORDS AFTER DELETION=======

2022-03-13 17:42:03 INFO  AppMain:42 - Contato Details?= Id: 1, Nome: Jose, REndereco: AV AAA, 777, Telefone: (31)9999-8877
2022-03-13 17:42:03 INFO  AppMain:42 - Contato Details?= Id: 2, Nome: aluno 102, REndereco: RUA XXXXX, 999, Telefone: (31)9999-8877
2022-03-13 17:42:03 INFO  AppMain:42 - Contato Details?= Id: 3, Nome: aluno 103, REndereco: RUA XXXXX, 999, Telefone: (31)9999-8877
2022-03-13 17:42:03 INFO  AppMain:42 - Contato Details?= Id: 4, Nome: aluno 104, REndereco: RUA XXXXX, 999, Telefone: (31)9999-8877
2022-03-13 17:42:03 INFO  AppMain:42 - Contato Details?= Id: 6, Nome: aluno 101, REndereco: RUA XXXXX, 999, Telefone: (31)9999-8877
2022-03-13 17:42:03 INFO  AppMain:42 - Contato Details?= Id: 7, Nome: aluno 102, REndereco: RUA XXXXX, 999, Telefone: (31)9999-8877
2022-03-13 17:42:03 INFO  AppMain:42 - Contato Details?= Id: 8, Nome: aluno 103, REndereco: RUA XXXXX, 999, Telefone: (31)9999-8877
2022-03-13 17:42:03 INFO  AppMain:42 - Contato Details?= Id: 9, Nome: aluno 104, REndereco: RUA XXXXX, 999, Telefone: (31)9999-8877
2022-03-13 17:42:03 INFO  AppMain:42 - Contato Details?= Id: 10, Nome: aluno 105, REndereco: RUA XXXXX, 999, Telefone: (31)9999-8877
2022-03-13 17:42:03 INFO  AppMain:42 - Contato Details?= Id: 11, Nome: aluno 101, REndereco: RUA XXXXX, 999, Telefone: (31)9999-8877
2022-03-13 17:42:03 INFO  AppMain:42 - Contato Details?= Id: 12, Nome: aluno 102, REndereco: RUA XXXXX, 999, Telefone: (31)9999-8877
2022-03-13 17:42:03 INFO  AppMain:42 - Contato Details?= Id: 13, Nome: aluno 103, REndereco: RUA XXXXX, 999, Telefone: (31)9999-8877
2022-03-13 17:42:03 INFO  AppMain:42 - Contato Details?= Id: 14, Nome: aluno 104, REndereco: RUA XXXXX, 999, Telefone: (31)9999-8877
2022-03-13 17:42:03 INFO  AppMain:42 - Contato Details?= Id: 15, Nome: aluno 105, REndereco: RUA XXXXX, 999, Telefone: (31)9999-8877
2022-03-13 17:42:03 INFO  AppMain:42 - Contato Details?= Id: 16, Nome: aluno 101, REndereco: RUA XXXXX, 999, Telefone: (31)9999-8877
2022-03-13 17:42:03 INFO  AppMain:42 - Contato Details?= Id: 17, Nome: aluno 102, REndereco: RUA XXXXX, 999, Telefone: (31)9999-8877
2022-03-13 17:42:03 INFO  AppMain:42 - Contato Details?= Id: 18, Nome: aluno 103, REndereco: RUA XXXXX, 999, Telefone: (31)9999-8877
2022-03-13 17:42:03 INFO  AppMain:42 - Contato Details?= Id: 19, Nome: aluno 104, REndereco: RUA XXXXX, 999, Telefone: (31)9999-8877
2022-03-13 17:42:03 INFO  AppMain:42 - Contato Details?= Id: 20, Nome: aluno 105, REndereco: RUA XXXXX, 999, Telefone: (31)9999-8877
